<?xml version="1.0" encoding="UTF-8"?>
<testsuite name="IntroLabTest" tests="1" skipped="0" failures="0" errors="0" timestamp="2022-09-13T02:32:49" hostname="KevindeMacBook-Pro.local" time="0.033">
  <properties/>
  <testcase name="KaiwenYang" classname="IntroLabTest" time="0.033"/>
  <system-out><![CDATA[]]></system-out>
  <system-err><![CDATA[]]></system-err>
</testsuite>
